# JRE version: Java(TM) SE Runtime Environment (17.0.5+9) (build 17.0.5+9-LTS-191)
# Java VM: Java HotSpot(TM) 64-Bit Server VM (17.0.5+9-LTS-191, mixed mode, sharing, tiered, compressed oops, compressed class ptrs, g1 gc, windows-amd64)
GC Precious Log:
 CPUs: 16 total, 16 available
 Memory: 6005M
 Large Page Support: Disabled
 NUMA Support: Disabled
 Compressed Oops: Enabled (32-bit)
 Heap Region Size: 1M
 Heap Min Capacity: 8M
 Heap Initial Capacity: 94M
 Heap Max Capacity: 1502M
 Pre-touch: Disabled
 Parallel Workers: 13
 Concurrent Workers: 3
 Concurrent Refinement Workers: 13
 Periodic GC: Disabled
Heap:
 garbage-first heap   total 73728K, used 53076K [0x00000000a2200000, 0x0000000100000000)
  region size 1024K, 22 young (22528K), 1 survivors (1024K)
 Metaspace       used 67995K, committed 68480K, reserved 1114112K
  class space    used 8536K, committed 8768K, reserved 1048576K
GC Heap History (20 events):
Event: 179.614 GC heap before
{Heap before GC invocations=131 (full 0):
 garbage-first heap   total 73728K, used 63548K [0x00000000a2200000, 0x0000000100000000)
  region size 1024K, 31 young (31744K), 1 survivors (1024K)
 Metaspace       used 67992K, committed 68480K, reserved 1114112K
  class space    used 8534K, committed 8768K, reserved 1048576K
}
Event: 179.616 GC heap after
{Heap after GC invocations=132 (full 0):
 garbage-first heap   total 73728K, used 32883K [0x00000000a2200000, 0x0000000100000000)
  region size 1024K, 1 young (1024K), 1 survivors (1024K)
 Metaspace       used 67992K, committed 68480K, reserved 1114112K
  class space    used 8534K, committed 8768K, reserved 1048576K
}
Event: 180.399 GC heap before
{Heap before GC invocations=132 (full 0):
 garbage-first heap   total 73728K, used 62579K [0x00000000a2200000, 0x0000000100000000)
  region size 1024K, 30 young (30720K), 1 survivors (1024K)
 Metaspace       used 67992K, committed 68480K, reserved 1114112K
  class space    used 8534K, committed 8768K, reserved 1048576K
}
Event: 180.400 GC heap after
{Heap after GC invocations=133 (full 0):
 garbage-first heap   total 73728K, used 32817K [0x00000000a2200000, 0x0000000100000000)
  region size 1024K, 1 young (1024K), 1 survivors (1024K)
 Metaspace       used 67992K, committed 68480K, reserved 1114112K
  class space    used 8534K, committed 8768K, reserved 1048576K
}
Event: 181.170 GC heap before
{Heap before GC invocations=134 (full 0):
 garbage-first heap   total 73728K, used 62513K [0x00000000a2200000, 0x0000000100000000)
  region size 1024K, 30 young (30720K), 1 survivors (1024K)
 Metaspace       used 67992K, committed 68480K, reserved 1114112K
  class space    used 8535K, committed 8768K, reserved 1048576K
}
Event: 181.172 GC heap after
{Heap after GC invocations=135 (full 0):
 garbage-first heap   total 73728K, used 32822K [0x00000000a2200000, 0x0000000100000000)
  region size 1024K, 1 young (1024K), 1 survivors (1024K)
 Metaspace       used 67992K, committed 68480K, reserved 1114112K
  class space    used 8535K, committed 8768K, reserved 1048576K
}
Event: 181.207 GC heap before
{Heap before GC invocations=135 (full 0):
 garbage-first heap   total 73728K, used 34870K [0x00000000a2200000, 0x0000000100000000)
  region size 1024K, 3 young (3072K), 1 survivors (1024K)
 Metaspace       used 67992K, committed 68480K, reserved 1114112K
  class space    used 8535K, committed 8768K, reserved 1048576K
}
Event: 181.216 GC heap after
{Heap after GC invocations=136 (full 0):
 garbage-first heap   total 73728K, used 32660K [0x00000000a2200000, 0x0000000100000000)
  region size 1024K, 1 young (1024K), 1 survivors (1024K)
 Metaspace       used 67992K, committed 68480K, reserved 1114112K
  class space    used 8535K, committed 8768K, reserved 1048576K
}
Event: 181.971 GC heap before
{Heap before GC invocations=136 (full 0):
 garbage-first heap   total 73728K, used 63380K [0x00000000a2200000, 0x0000000100000000)
  region size 1024K, 31 young (31744K), 1 survivors (1024K)
 Metaspace       used 67992K, committed 68480K, reserved 1114112K
  class space    used 8535K, committed 8768K, reserved 1048576K
}
Event: 181.972 GC heap after
{Heap after GC invocations=137 (full 0):
 garbage-first heap   total 73728K, used 32602K [0x00000000a2200000, 0x0000000100000000)
  region size 1024K, 1 young (1024K), 1 survivors (1024K)
 Metaspace       used 67992K, committed 68480K, reserved 1114112K
  class space    used 8535K, committed 8768K, reserved 1048576K
}
Event: 182.827 GC heap before
{Heap before GC invocations=137 (full 0):
 garbage-first heap   total 73728K, used 63322K [0x00000000a2200000, 0x0000000100000000)
  region size 1024K, 31 young (31744K), 1 survivors (1024K)
 Metaspace       used 67994K, committed 68480K, reserved 1114112K
  class space    used 8536K, committed 8768K, reserved 1048576K
}
Event: 182.828 GC heap after
{Heap after GC invocations=138 (full 0):
 garbage-first heap   total 73728K, used 32603K [0x00000000a2200000, 0x0000000100000000)
  region size 1024K, 1 young (1024K), 1 survivors (1024K)
 Metaspace       used 67994K, committed 68480K, reserved 1114112K
  class space    used 8536K, committed 8768K, reserved 1048576K
}
Event: 183.677 GC heap before
{Heap before GC invocations=138 (full 0):
 garbage-first heap   total 73728K, used 63323K [0x00000000a2200000, 0x0000000100000000)
  region size 1024K, 31 young (31744K), 1 survivors (1024K)
 Metaspace       used 67994K, committed 68480K, reserved 1114112K
  class space    used 8536K, committed 8768K, reserved 1048576K
}
Event: 183.679 GC heap after
{Heap after GC invocations=139 (full 0):
 garbage-first heap   total 73728K, used 32703K [0x00000000a2200000, 0x0000000100000000)
  region size 1024K, 1 young (1024K), 1 survivors (1024K)
 Metaspace       used 67994K, committed 68480K, reserved 1114112K
  class space    used 8536K, committed 8768K, reserved 1048576K
}
Event: 185.045 GC heap before
{Heap before GC invocations=140 (full 0):
 garbage-first heap   total 73728K, used 62399K [0x00000000a2200000, 0x0000000100000000)
  region size 1024K, 31 young (31744K), 1 survivors (1024K)
 Metaspace       used 67994K, committed 68480K, reserved 1114112K
  class space    used 8536K, committed 8768K, reserved 1048576K
}
Event: 185.046 GC heap after
{Heap after GC invocations=141 (full 0):
 garbage-first heap   total 73728K, used 32661K [0x00000000a2200000, 0x0000000100000000)
  region size 1024K, 1 young (1024K), 1 survivors (1024K)
 Metaspace       used 67994K, committed 68480K, reserved 1114112K
  class space    used 8536K, committed 8768K, reserved 1048576K
}
Event: 185.873 GC heap before
{Heap before GC invocations=141 (full 0):
 garbage-first heap   total 73728K, used 63381K [0x00000000a2200000, 0x0000000100000000)
  region size 1024K, 31 young (31744K), 1 survivors (1024K)
 Metaspace       used 67994K, committed 68480K, reserved 1114112K
  class space    used 8536K, committed 8768K, reserved 1048576K
}
Event: 185.875 GC heap after
{Heap after GC invocations=142 (full 0):
 garbage-first heap   total 73728K, used 32731K [0x00000000a2200000, 0x0000000100000000)
  region size 1024K, 1 young (1024K), 1 survivors (1024K)
 Metaspace       used 67994K, committed 68480K, reserved 1114112K
  class space    used 8536K, committed 8768K, reserved 1048576K
}
Event: 186.777 GC heap before
{Heap before GC invocations=143 (full 0):
 garbage-first heap   total 73728K, used 63451K [0x00000000a2200000, 0x0000000100000000)
  region size 1024K, 31 young (31744K), 1 survivors (1024K)
 Metaspace       used 67994K, committed 68480K, reserved 1114112K
  class space    used 8536K, committed 8768K, reserved 1048576K
}
Event: 186.779 GC heap after
{Heap after GC invocations=144 (full 0):
 garbage-first heap   total 73728K, used 32596K [0x00000000a2200000, 0x0000000100000000)
  region size 1024K, 1 young (1024K), 1 survivors (1024K)
 Metaspace       used 67994K, committed 68480K, reserved 1114112K
  class space    used 8536K, committed 8768K, reserved 1048576K
}

