# JRE version: Java(TM) SE Runtime Environment (17.0.5+9) (build 17.0.5+9-LTS-191)
# Java VM: Java HotSpot(TM) 64-Bit Server VM (17.0.5+9-LTS-191, mixed mode, sharing, tiered, compressed oops, compressed class ptrs, g1 gc, windows-amd64)
GC Precious Log:
 CPUs: 16 total, 16 available
 Memory: 6005M
 Large Page Support: Disabled
 NUMA Support: Disabled
 Compressed Oops: Enabled (32-bit)
 Heap Region Size: 1M
 Heap Min Capacity: 8M
 Heap Initial Capacity: 94M
 Heap Max Capacity: 1502M
 Pre-touch: Disabled
 Parallel Workers: 13
 Concurrent Workers: 3
 Concurrent Refinement Workers: 13
 Periodic GC: Disabled
Heap:
 garbage-first heap   total 116736K, used 77685K [0x00000000a2200000, 0x0000000100000000)
  region size 1024K, 48 young (49152K), 1 survivors (1024K)
 Metaspace       used 68057K, committed 68480K, reserved 1114112K
  class space    used 8519K, committed 8704K, reserved 1048576K
GC Heap History (20 events):
Event: 3597.339 GC heap before
{Heap before GC invocations=113 (full 0):
 garbage-first heap   total 109568K, used 34851K [0x00000000a2200000, 0x0000000100000000)
  region size 1024K, 5 young (5120K), 1 survivors (1024K)
 Metaspace       used 68056K, committed 68480K, reserved 1114112K
  class space    used 8518K, committed 8704K, reserved 1048576K
}
Event: 3597.343 GC heap after
{Heap after GC invocations=114 (full 0):
 garbage-first heap   total 109568K, used 30847K [0x00000000a2200000, 0x0000000100000000)
  region size 1024K, 1 young (1024K), 1 survivors (1024K)
 Metaspace       used 68056K, committed 68480K, reserved 1114112K
  class space    used 8518K, committed 8704K, reserved 1048576K
}
Event: 3599.348 GC heap before
{Heap before GC invocations=114 (full 0):
 garbage-first heap   total 109568K, used 95359K [0x00000000a2200000, 0x0000000100000000)
  region size 1024K, 64 young (65536K), 1 survivors (1024K)
 Metaspace       used 68056K, committed 68480K, reserved 1114112K
  class space    used 8518K, committed 8704K, reserved 1048576K
}
Event: 3599.352 GC heap after
{Heap after GC invocations=115 (full 0):
 garbage-first heap   total 109568K, used 30912K [0x00000000a2200000, 0x0000000100000000)
  region size 1024K, 1 young (1024K), 1 survivors (1024K)
 Metaspace       used 68056K, committed 68480K, reserved 1114112K
  class space    used 8518K, committed 8704K, reserved 1048576K
}
Event: 3601.298 GC heap before
{Heap before GC invocations=116 (full 0):
 garbage-first heap   total 109568K, used 95424K [0x00000000a2200000, 0x0000000100000000)
  region size 1024K, 64 young (65536K), 1 survivors (1024K)
 Metaspace       used 68056K, committed 68480K, reserved 1114112K
  class space    used 8518K, committed 8704K, reserved 1048576K
}
Event: 3601.300 GC heap after
{Heap after GC invocations=117 (full 0):
 garbage-first heap   total 109568K, used 30849K [0x00000000a2200000, 0x0000000100000000)
  region size 1024K, 1 young (1024K), 1 survivors (1024K)
 Metaspace       used 68056K, committed 68480K, reserved 1114112K
  class space    used 8518K, committed 8704K, reserved 1048576K
}
Event: 3601.409 GC heap before
{Heap before GC invocations=117 (full 0):
 garbage-first heap   total 109568K, used 34945K [0x00000000a2200000, 0x0000000100000000)
  region size 1024K, 5 young (5120K), 1 survivors (1024K)
 Metaspace       used 68056K, committed 68480K, reserved 1114112K
  class space    used 8518K, committed 8704K, reserved 1048576K
}
Event: 3601.418 GC heap after
{Heap after GC invocations=118 (full 0):
 garbage-first heap   total 109568K, used 30528K [0x00000000a2200000, 0x0000000100000000)
  region size 1024K, 1 young (1024K), 1 survivors (1024K)
 Metaspace       used 68056K, committed 68480K, reserved 1114112K
  class space    used 8518K, committed 8704K, reserved 1048576K
}
Event: 3603.422 GC heap before
{Heap before GC invocations=118 (full 0):
 garbage-first heap   total 109568K, used 95040K [0x00000000a2200000, 0x0000000100000000)
  region size 1024K, 64 young (65536K), 1 survivors (1024K)
 Metaspace       used 68056K, committed 68480K, reserved 1114112K
  class space    used 8518K, committed 8704K, reserved 1048576K
}
Event: 3603.424 GC heap after
{Heap after GC invocations=119 (full 0):
 garbage-first heap   total 109568K, used 30670K [0x00000000a2200000, 0x0000000100000000)
  region size 1024K, 1 young (1024K), 1 survivors (1024K)
 Metaspace       used 68056K, committed 68480K, reserved 1114112K
  class space    used 8518K, committed 8704K, reserved 1048576K
}
Event: 3605.525 GC heap before
{Heap before GC invocations=120 (full 0):
 garbage-first heap   total 109568K, used 95182K [0x00000000a2200000, 0x0000000100000000)
  region size 1024K, 64 young (65536K), 1 survivors (1024K)
 Metaspace       used 68056K, committed 68480K, reserved 1114112K
  class space    used 8518K, committed 8704K, reserved 1048576K
}
Event: 3605.527 GC heap after
{Heap after GC invocations=121 (full 0):
 garbage-first heap   total 109568K, used 30552K [0x00000000a2200000, 0x0000000100000000)
  region size 1024K, 1 young (1024K), 1 survivors (1024K)
 Metaspace       used 68056K, committed 68480K, reserved 1114112K
  class space    used 8518K, committed 8704K, reserved 1048576K
}
Event: 3605.631 GC heap before
{Heap before GC invocations=121 (full 0):
 garbage-first heap   total 109568K, used 34648K [0x00000000a2200000, 0x0000000100000000)
  region size 1024K, 5 young (5120K), 1 survivors (1024K)
 Metaspace       used 68057K, committed 68480K, reserved 1114112K
  class space    used 8519K, committed 8704K, reserved 1048576K
}
Event: 3605.635 GC heap after
{Heap after GC invocations=122 (full 0):
 garbage-first heap   total 109568K, used 30496K [0x00000000a2200000, 0x0000000100000000)
  region size 1024K, 1 young (1024K), 1 survivors (1024K)
 Metaspace       used 68057K, committed 68480K, reserved 1114112K
  class space    used 8519K, committed 8704K, reserved 1048576K
}
Event: 3607.546 GC heap before
{Heap before GC invocations=122 (full 0):
 garbage-first heap   total 109568K, used 95008K [0x00000000a2200000, 0x0000000100000000)
  region size 1024K, 64 young (65536K), 1 survivors (1024K)
 Metaspace       used 68057K, committed 68480K, reserved 1114112K
  class space    used 8519K, committed 8704K, reserved 1048576K
}
Event: 3607.549 GC heap after
{Heap after GC invocations=123 (full 0):
 garbage-first heap   total 148480K, used 30558K [0x00000000a2200000, 0x0000000100000000)
  region size 1024K, 1 young (1024K), 1 survivors (1024K)
 Metaspace       used 68057K, committed 68480K, reserved 1114112K
  class space    used 8519K, committed 8704K, reserved 1048576K
}
Event: 3609.734 GC heap before
{Heap before GC invocations=124 (full 0):
 garbage-first heap   total 116736K, used 99166K [0x00000000a2200000, 0x0000000100000000)
  region size 1024K, 68 young (69632K), 1 survivors (1024K)
 Metaspace       used 68057K, committed 68480K, reserved 1114112K
  class space    used 8519K, committed 8704K, reserved 1048576K
}
Event: 3609.735 GC heap after
{Heap after GC invocations=125 (full 0):
 garbage-first heap   total 116736K, used 30580K [0x00000000a2200000, 0x0000000100000000)
  region size 1024K, 1 young (1024K), 1 survivors (1024K)
 Metaspace       used 68057K, committed 68480K, reserved 1114112K
  class space    used 8519K, committed 8704K, reserved 1048576K
}
Event: 3609.854 GC heap before
{Heap before GC invocations=125 (full 0):
 garbage-first heap   total 116736K, used 33652K [0x00000000a2200000, 0x0000000100000000)
  region size 1024K, 5 young (5120K), 1 survivors (1024K)
 Metaspace       used 68057K, committed 68480K, reserved 1114112K
  class space    used 8519K, committed 8704K, reserved 1048576K
}
Event: 3609.855 GC heap after
{Heap after GC invocations=126 (full 0):
 garbage-first heap   total 116736K, used 30581K [0x00000000a2200000, 0x0000000100000000)
  region size 1024K, 1 young (1024K), 1 survivors (1024K)
 Metaspace       used 68057K, committed 68480K, reserved 1114112K
  class space    used 8519K, committed 8704K, reserved 1048576K
}

